SF:lib/remote/repositories/auth_repository.dart
DA:15,0
DA:19,0
DA:21,0
DA:22,0
DA:23,0
DA:26,0
DA:27,0
DA:30,0
DA:31,0
DA:32,0
DA:35,0
DA:36,0
DA:37,0
DA:40,0
DA:41,0
DA:44,0
DA:46,0
LF:17
LH:0
end_of_record
SF:lib/auth/auth_bloc.dart
DA:12,1
DA:14,1
DA:15,1
DA:18,1
DA:19,1
DA:20,3
DA:23,0
DA:25,2
DA:29,1
DA:30,2
DA:31,4
DA:32,2
DA:35,1
DA:36,2
DA:37,3
DA:38,2
LF:16
LH:15
end_of_record
SF:lib/auth/auth_event.dart
DA:4,3
DA:6,1
DA:7,1
DA:15,3
DA:17,2
DA:18,4
DA:20,1
DA:21,2
LF:8
LH:8
end_of_record
SF:lib/auth/auth_state.dart
DA:4,1
DA:6,1
DA:20,1
DA:22,1
DA:23,2
LF:5
LH:5
end_of_record
SF:lib/failure.dart
DA:7,0
DA:9,0
DA:11,0
DA:12,0
LF:4
LH:0
end_of_record
SF:lib/remote/api_manager.dart
DA:13,0
DA:20,0
DA:24,0
DA:26,0
DA:28,0
DA:29,0
DA:30,0
DA:32,0
DA:33,0
DA:34,0
DA:35,0
DA:36,0
DA:37,0
DA:38,0
LF:14
LH:0
end_of_record
SF:lib/remote/services/auth_service.dart
DA:16,0
DA:17,0
DA:19,0
DA:20,0
DA:22,0
DA:23,0
DA:24,0
DA:27,0
LF:8
LH:0
end_of_record
SF:lib/remote/services/auth_service.chopper.dart
DA:11,0
DA:13,0
DA:19,0
DA:23,0
DA:24,0
DA:27,0
DA:31,0
DA:32,0
LF:8
LH:0
end_of_record
SF:lib/remote/services/relation_service.chopper.dart
DA:11,0
DA:13,0
DA:19,0
DA:22,0
DA:23,0
DA:26,0
DA:28,0
DA:29,0
DA:30,0
DA:33,0
DA:35,0
DA:36,0
DA:37,0
DA:40,0
DA:42,0
DA:43,0
DA:44,0
DA:47,0
DA:49,0
DA:50,0
DA:51,0
DA:54,0
DA:59,0
DA:60,0
DA:63,0
DA:66,0
DA:67,0
LF:27
LH:0
end_of_record
SF:lib/remote/services/relation_service.dart
DA:39,0
DA:40,0
DA:42,0
DA:43,0
DA:45,0
DA:46,0
DA:47,0
DA:48,0
DA:51,0
LF:9
LH:0
end_of_record
SF:lib/remote/services/task_service.dart
DA:28,0
DA:29,0
DA:31,0
DA:32,0
DA:34,0
DA:35,0
DA:36,0
DA:37,0
DA:40,0
LF:9
LH:0
end_of_record
SF:lib/remote/services/task_service.chopper.dart
DA:11,0
DA:13,0
DA:19,0
DA:22,0
DA:23,0
DA:24,0
DA:27,0
DA:30,0
DA:32,0
DA:33,0
DA:36,0
DA:39,0
DA:40,0
DA:41,0
DA:44,0
DA:46,0
DA:47,0
DA:48,0
LF:18
LH:0
end_of_record
SF:lib/remote/services/user_service.dart
DA:38,0
DA:39,0
DA:41,0
DA:42,0
DA:44,0
DA:45,0
DA:46,0
DA:47,0
DA:50,0
LF:9
LH:0
end_of_record
SF:lib/remote/services/user_service.chopper.dart
DA:11,0
DA:13,0
DA:19,0
DA:22,0
DA:23,0
DA:26,0
DA:29,0
DA:30,0
DA:31,0
DA:34,0
DA:37,0
DA:38,0
DA:41,0
DA:43,0
DA:44,0
DA:45,0
DA:48,0
DA:52,0
DA:53,0
DA:56,0
DA:60,0
DA:61,0
LF:22
LH:0
end_of_record
SF:lib/remote/auth_interceptor.dart
DA:9,0
DA:10,0
DA:12,0
DA:14,0
LF:4
LH:0
end_of_record
SF:lib/remote/models/user.dart
DA:17,0
DA:33,0
DA:34,0
DA:36,0
DA:38,0
DA:44,0
DA:45,0
DA:46,0
DA:47,0
DA:48,0
DA:49,0
DA:50,0
DA:51,0
DA:52,0
DA:53,0
DA:54,0
DA:55,0
DA:56,0
DA:57,0
DA:60,0
DA:61,0
DA:62,0
DA:63,0
DA:64,0
DA:65,0
DA:66,0
DA:67,0
DA:68,0
DA:69,0
DA:70,0
DA:71,0
DA:72,0
DA:73,0
DA:74,0
LF:34
LH:0
end_of_record
SF:lib/remote/requests/login.dart
DA:8,2
DA:9,0
DA:10,0
DA:12,0
LF:4
LH:1
end_of_record
SF:lib/remote/requests/register.dart
DA:20,0
DA:28,0
DA:29,0
DA:30,0
DA:31,0
DA:32,0
DA:33,0
DA:34,0
DA:36,0
DA:37,0
DA:38,0
DA:39,0
DA:40,0
DA:41,0
DA:42,0
DA:43,0
LF:16
LH:0
end_of_record
SF:lib/remote/responses/auth_token.dart
DA:8,1
DA:10,0
DA:11,0
LF:3
LH:1
end_of_record
SF:lib/remote/requests/change_password.dart
DA:7,0
DA:9,0
DA:10,0
DA:11,0
DA:12,0
DA:16,0
DA:17,0
DA:18,0
DA:19,0
LF:9
LH:0
end_of_record
SF:lib/remote/requests/relation_requests.dart
DA:12,0
DA:14,0
DA:15,0
DA:16,0
DA:17,0
DA:18,0
DA:21,0
DA:22,0
DA:23,0
DA:24,0
DA:25,0
DA:26,0
LF:12
LH:0
end_of_record
SF:lib/remote/requests/task_request.dart
DA:6,0
DA:8,0
DA:9,0
DA:11,0
DA:12,0
DA:13,0
LF:6
LH:0
end_of_record
SF:lib/screens/login/bloc/login_bloc.dart
DA:12,1
DA:14,1
DA:15,1
DA:18,1
DA:19,1
DA:20,2
DA:22,4
DA:23,2
DA:24,4
DA:26,3
LF:10
LH:10
end_of_record
SF:lib/screens/login/bloc/login_event.dart
DA:5,2
DA:11,2
DA:13,1
DA:14,2
LF:4
LH:4
end_of_record
SF:lib/screens/login/bloc/login_state.dart
DA:4,2
DA:6,1
DA:19,2
DA:21,2
DA:22,4
DA:23,1
DA:24,2
LF:7
LH:7
end_of_record
